
*** Running vivado
    with args -log system.vds -m64 -product Vivado -mode batch -messageDb vivado.pb -notrace -source system.tcl


****** Vivado v2018.3 (64-bit)
  **** SW Build 2405991 on Thu Dec  6 23:38:27 MST 2018
  **** IP Build 2404404 on Fri Dec  7 01:43:56 MST 2018
    ** Copyright 1986-2018 Xilinx, Inc. All Rights Reserved.

source system.tcl -notrace
Command: synth_design -top system -part xc7a35tcpg236-1
Starting synth_design
Attempting to get a license for feature 'Synthesis' and/or device 'xc7a35t'
INFO: [Common 17-349] Got license for feature 'Synthesis' and/or device 'xc7a35t'
INFO: Launching helper process for spawning children vivado processes
INFO: Helper process launched with PID 9316 
WARNING: [Synth 8-2611] redeclaration of ansi port lhit is not allowed [C:/Users/oakmi/Desktop/Vivado/project_6/project_6.srcs/sources_1/new/ball.v:39]
WARNING: [Synth 8-2611] redeclaration of ansi port rhit is not allowed [C:/Users/oakmi/Desktop/Vivado/project_6/project_6.srcs/sources_1/new/ball.v:40]
WARNING: [Synth 8-2611] redeclaration of ansi port y is not allowed [C:/Users/oakmi/Desktop/Vivado/project_6/project_6.srcs/sources_1/new/bar.v:58]
WARNING: [Synth 8-2611] redeclaration of ansi port clkDiv is not allowed [C:/Users/oakmi/Desktop/Vivado/Lab2/Lab2.srcs/sources_1/new/clockDiv.v:28]
---------------------------------------------------------------------------------
Starting RTL Elaboration : Time (s): cpu = 00:00:00 ; elapsed = 00:00:02 . Memory (MB): peak = 389.414 ; gain = 112.391
---------------------------------------------------------------------------------
INFO: [Synth 8-6157] synthesizing module 'system' [C:/Users/oakmi/Desktop/Vivado/project_6/project_6.srcs/sources_1/imports/sources_1/system.v:23]
INFO: [Synth 8-6157] synthesizing module 'uart' [C:/Users/oakmi/Desktop/Vivado/project_6/project_6.srcs/sources_1/imports/sources_1/uart.v:22]
INFO: [Synth 8-6157] synthesizing module 'baudrate_gen' [C:/Users/oakmi/Desktop/Vivado/project_6/project_6.srcs/sources_1/imports/sources_1/baudrate_gen.v:23]
INFO: [Synth 8-6155] done synthesizing module 'baudrate_gen' (1#1) [C:/Users/oakmi/Desktop/Vivado/project_6/project_6.srcs/sources_1/imports/sources_1/baudrate_gen.v:23]
INFO: [Synth 8-6157] synthesizing module 'uart_rx' [C:/Users/oakmi/Desktop/Vivado/project_6/project_6.srcs/sources_1/imports/sources_1/uart_rx.v:23]
INFO: [Synth 8-155] case statement is not full and has no default [C:/Users/oakmi/Desktop/Vivado/project_6/project_6.srcs/sources_1/imports/sources_1/uart_rx.v:45]
INFO: [Synth 8-6155] done synthesizing module 'uart_rx' (2#1) [C:/Users/oakmi/Desktop/Vivado/project_6/project_6.srcs/sources_1/imports/sources_1/uart_rx.v:23]
INFO: [Synth 8-6157] synthesizing module 'uart_tx' [C:/Users/oakmi/Desktop/Vivado/project_6/project_6.srcs/sources_1/imports/sources_1/uart_tx.v:22]
INFO: [Synth 8-155] case statement is not full and has no default [C:/Users/oakmi/Desktop/Vivado/project_6/project_6.srcs/sources_1/imports/sources_1/uart_tx.v:49]
INFO: [Synth 8-6155] done synthesizing module 'uart_tx' (3#1) [C:/Users/oakmi/Desktop/Vivado/project_6/project_6.srcs/sources_1/imports/sources_1/uart_tx.v:22]
INFO: [Synth 8-6155] done synthesizing module 'uart' (4#1) [C:/Users/oakmi/Desktop/Vivado/project_6/project_6.srcs/sources_1/imports/sources_1/uart.v:22]
INFO: [Synth 8-6157] synthesizing module 'vga' [C:/Users/oakmi/Desktop/Vivado/project_6/project_6.srcs/sources_1/imports/sources_1/vga_sync.v:115]
	Parameter WIDTH bound to: 640 - type: integer 
	Parameter HEIGHT bound to: 500 - type: integer 
	Parameter SCALE bound to: 20 - type: integer 
INFO: [Synth 8-6157] synthesizing module 'clockDiv' [C:/Users/oakmi/Desktop/Vivado/Lab2/Lab2.srcs/sources_1/new/clockDiv.v:23]
INFO: [Synth 8-6155] done synthesizing module 'clockDiv' (5#1) [C:/Users/oakmi/Desktop/Vivado/Lab2/Lab2.srcs/sources_1/new/clockDiv.v:23]
INFO: [Synth 8-6157] synthesizing module 'vga_sync' [C:/Users/oakmi/Desktop/Vivado/project_6/project_6.srcs/sources_1/imports/sources_1/vga_sync.v:26]
	Parameter H_DISPLAY bound to: 640 - type: integer 
	Parameter H_L_BORDER bound to: 48 - type: integer 
	Parameter H_R_BORDER bound to: 16 - type: integer 
	Parameter H_RETRACE bound to: 96 - type: integer 
	Parameter H_MAX bound to: 799 - type: integer 
	Parameter START_H_RETRACE bound to: 656 - type: integer 
	Parameter END_H_RETRACE bound to: 751 - type: integer 
	Parameter V_DISPLAY bound to: 480 - type: integer 
	Parameter V_T_BORDER bound to: 10 - type: integer 
	Parameter V_B_BORDER bound to: 33 - type: integer 
	Parameter V_RETRACE bound to: 2 - type: integer 
	Parameter V_MAX bound to: 524 - type: integer 
	Parameter START_V_RETRACE bound to: 513 - type: integer 
	Parameter END_V_RETRACE bound to: 514 - type: integer 
INFO: [Synth 8-6155] done synthesizing module 'vga_sync' (6#1) [C:/Users/oakmi/Desktop/Vivado/project_6/project_6.srcs/sources_1/imports/sources_1/vga_sync.v:26]
INFO: [Synth 8-6157] synthesizing module 'ball' [C:/Users/oakmi/Desktop/Vivado/project_6/project_6.srcs/sources_1/new/ball.v:23]
	Parameter R bound to: 5 - type: integer 
INFO: [Synth 8-6155] done synthesizing module 'ball' (7#1) [C:/Users/oakmi/Desktop/Vivado/project_6/project_6.srcs/sources_1/new/ball.v:23]
WARNING: [Synth 8-689] width (2) of port connection 'reset' does not match port width (1) of module 'ball' [C:/Users/oakmi/Desktop/Vivado/project_6/project_6.srcs/sources_1/imports/sources_1/vga_sync.v:173]
INFO: [Synth 8-6157] synthesizing module 'digit' [C:/Users/oakmi/Desktop/Vivado/project_6/project_6.srcs/sources_1/new/digit.v:23]
WARNING: [Synth 8-6014] Unused sequential element relative_x_reg was removed.  [C:/Users/oakmi/Desktop/Vivado/project_6/project_6.srcs/sources_1/new/digit.v:70]
WARNING: [Synth 8-6014] Unused sequential element relative_y_reg was removed.  [C:/Users/oakmi/Desktop/Vivado/project_6/project_6.srcs/sources_1/new/digit.v:71]
INFO: [Synth 8-6155] done synthesizing module 'digit' (8#1) [C:/Users/oakmi/Desktop/Vivado/project_6/project_6.srcs/sources_1/new/digit.v:23]
WARNING: [Synth 8-689] width (32) of port connection 'num' does not match port width (4) of module 'digit' [C:/Users/oakmi/Desktop/Vivado/project_6/project_6.srcs/sources_1/imports/sources_1/vga_sync.v:182]
WARNING: [Synth 8-689] width (32) of port connection 'num' does not match port width (4) of module 'digit' [C:/Users/oakmi/Desktop/Vivado/project_6/project_6.srcs/sources_1/imports/sources_1/vga_sync.v:194]
WARNING: [Synth 8-689] width (32) of port connection 'num' does not match port width (4) of module 'digit' [C:/Users/oakmi/Desktop/Vivado/project_6/project_6.srcs/sources_1/imports/sources_1/vga_sync.v:206]
WARNING: [Synth 8-689] width (32) of port connection 'num' does not match port width (4) of module 'digit' [C:/Users/oakmi/Desktop/Vivado/project_6/project_6.srcs/sources_1/imports/sources_1/vga_sync.v:218]
INFO: [Synth 8-6157] synthesizing module 'text' [C:/Users/oakmi/Desktop/Vivado/project_6/project_6.srcs/sources_1/new/text.v:23]
WARNING: [Synth 8-6014] Unused sequential element relative_x_reg was removed.  [C:/Users/oakmi/Desktop/Vivado/project_6/project_6.srcs/sources_1/new/text.v:59]
WARNING: [Synth 8-6014] Unused sequential element relative_y_reg was removed.  [C:/Users/oakmi/Desktop/Vivado/project_6/project_6.srcs/sources_1/new/text.v:60]
INFO: [Synth 8-6155] done synthesizing module 'text' (9#1) [C:/Users/oakmi/Desktop/Vivado/project_6/project_6.srcs/sources_1/new/text.v:23]
INFO: [Synth 8-6157] synthesizing module 'bar' [C:/Users/oakmi/Desktop/Vivado/project_6/project_6.srcs/sources_1/new/bar.v:45]
	Parameter W bound to: 2 - type: integer 
	Parameter H bound to: 70 - type: integer 
WARNING: [Synth 8-6014] Unused sequential element dy_reg was removed.  [C:/Users/oakmi/Desktop/Vivado/project_6/project_6.srcs/sources_1/new/bar.v:65]
INFO: [Synth 8-6155] done synthesizing module 'bar' (10#1) [C:/Users/oakmi/Desktop/Vivado/project_6/project_6.srcs/sources_1/new/bar.v:45]
WARNING: [Synth 8-6090] variable 'score2' is written by both blocking and non-blocking assignments, entire logic could be removed [C:/Users/oakmi/Desktop/Vivado/project_6/project_6.srcs/sources_1/imports/sources_1/vga_sync.v:382]
WARNING: [Synth 8-6090] variable 'score1' is written by both blocking and non-blocking assignments, entire logic could be removed [C:/Users/oakmi/Desktop/Vivado/project_6/project_6.srcs/sources_1/imports/sources_1/vga_sync.v:387]
INFO: [Synth 8-6155] done synthesizing module 'vga' (11#1) [C:/Users/oakmi/Desktop/Vivado/project_6/project_6.srcs/sources_1/imports/sources_1/vga_sync.v:115]
WARNING: [Synth 8-6014] Unused sequential element CLK50MHZ_reg was removed.  [C:/Users/oakmi/Desktop/Vivado/project_6/project_6.srcs/sources_1/imports/sources_1/system.v:63]
INFO: [Synth 8-6155] done synthesizing module 'system' (12#1) [C:/Users/oakmi/Desktop/Vivado/project_6/project_6.srcs/sources_1/imports/sources_1/system.v:23]
WARNING: [Synth 8-3331] design text has unconnected port reset
WARNING: [Synth 8-3331] design digit has unconnected port reset
WARNING: [Synth 8-3331] design vga has unconnected port sw[11]
WARNING: [Synth 8-3331] design vga has unconnected port sw[10]
WARNING: [Synth 8-3331] design vga has unconnected port sw[9]
WARNING: [Synth 8-3331] design vga has unconnected port sw[8]
WARNING: [Synth 8-3331] design vga has unconnected port sw[7]
WARNING: [Synth 8-3331] design vga has unconnected port sw[6]
WARNING: [Synth 8-3331] design vga has unconnected port sw[5]
WARNING: [Synth 8-3331] design vga has unconnected port sw[4]
WARNING: [Synth 8-3331] design vga has unconnected port sw[3]
WARNING: [Synth 8-3331] design vga has unconnected port sw[2]
WARNING: [Synth 8-3331] design vga has unconnected port sw[1]
WARNING: [Synth 8-3331] design vga has unconnected port sw[0]
WARNING: [Synth 8-3331] design vga has unconnected port PS2Clk
WARNING: [Synth 8-3331] design vga has unconnected port PS2Data
WARNING: [Synth 8-3331] design system has unconnected port btnC
---------------------------------------------------------------------------------
Finished RTL Elaboration : Time (s): cpu = 00:00:00 ; elapsed = 00:00:03 . Memory (MB): peak = 425.594 ; gain = 148.570
---------------------------------------------------------------------------------

Report Check Netlist: 
+------+------------------+-------+---------+-------+------------------+
|      |Item              |Errors |Warnings |Status |Description       |
+------+------------------+-------+---------+-------+------------------+
|1     |multi_driven_nets |      0|        0|Passed |Multi driven nets |
+------+------------------+-------+---------+-------+------------------+
---------------------------------------------------------------------------------
Start Handling Custom Attributes
---------------------------------------------------------------------------------
---------------------------------------------------------------------------------
Finished Handling Custom Attributes : Time (s): cpu = 00:00:00 ; elapsed = 00:00:03 . Memory (MB): peak = 425.594 ; gain = 148.570
---------------------------------------------------------------------------------
---------------------------------------------------------------------------------
Finished RTL Optimization Phase 1 : Time (s): cpu = 00:00:00 ; elapsed = 00:00:03 . Memory (MB): peak = 425.594 ; gain = 148.570
---------------------------------------------------------------------------------
INFO: [Device 21-403] Loading part xc7a35tcpg236-1
INFO: [Project 1-570] Preparing netlist for logic optimization

Processing XDC Constraints
Initializing timing engine
Parsing XDC File [C:/Users/oakmi/Desktop/Vivado/project_6/project_6.srcs/constrs_1/imports/constrs_1/Basys3_Master.xdc]
WARNING: [Vivado 12-584] No ports matched 'btnR'. [C:/Users/oakmi/Desktop/Vivado/project_6/project_6.srcs/constrs_1/imports/constrs_1/Basys3_Master.xdc:117]
CRITICAL WARNING: [Common 17-55] 'set_property' expects at least one object. [C:/Users/oakmi/Desktop/Vivado/project_6/project_6.srcs/constrs_1/imports/constrs_1/Basys3_Master.xdc:117]
Resolution: If [get_<value>] was used to populate the object, check to make sure this command returns at least one valid object.
WARNING: [Vivado 12-584] No ports matched 'btnR'. [C:/Users/oakmi/Desktop/Vivado/project_6/project_6.srcs/constrs_1/imports/constrs_1/Basys3_Master.xdc:118]
CRITICAL WARNING: [Common 17-55] 'set_property' expects at least one object. [C:/Users/oakmi/Desktop/Vivado/project_6/project_6.srcs/constrs_1/imports/constrs_1/Basys3_Master.xdc:118]
Resolution: If [get_<value>] was used to populate the object, check to make sure this command returns at least one valid object.
WARNING: [Vivado 12-584] No ports matched 'btnD'. [C:/Users/oakmi/Desktop/Vivado/project_6/project_6.srcs/constrs_1/imports/constrs_1/Basys3_Master.xdc:119]
CRITICAL WARNING: [Common 17-55] 'set_property' expects at least one object. [C:/Users/oakmi/Desktop/Vivado/project_6/project_6.srcs/constrs_1/imports/constrs_1/Basys3_Master.xdc:119]
Resolution: If [get_<value>] was used to populate the object, check to make sure this command returns at least one valid object.
WARNING: [Vivado 12-584] No ports matched 'btnD'. [C:/Users/oakmi/Desktop/Vivado/project_6/project_6.srcs/constrs_1/imports/constrs_1/Basys3_Master.xdc:120]
CRITICAL WARNING: [Common 17-55] 'set_property' expects at least one object. [C:/Users/oakmi/Desktop/Vivado/project_6/project_6.srcs/constrs_1/imports/constrs_1/Basys3_Master.xdc:120]
Resolution: If [get_<value>] was used to populate the object, check to make sure this command returns at least one valid object.
Finished Parsing XDC File [C:/Users/oakmi/Desktop/Vivado/project_6/project_6.srcs/constrs_1/imports/constrs_1/Basys3_Master.xdc]
INFO: [Project 1-236] Implementation specific constraints were found while reading constraint file [C:/Users/oakmi/Desktop/Vivado/project_6/project_6.srcs/constrs_1/imports/constrs_1/Basys3_Master.xdc]. These constraints will be ignored for synthesis but will be used in implementation. Impacted constraints are listed in the file [.Xil/system_propImpl.xdc].
Resolution: To avoid this warning, move constraints listed in [.Xil/system_propImpl.xdc] to another XDC file and exclude this new file from synthesis with the used_in_synthesis property (File Properties dialog in GUI) and re-run elaboration/synthesis.
Netlist sorting complete. Time (s): cpu = 00:00:00 ; elapsed = 00:00:00.001 . Memory (MB): peak = 770.961 ; gain = 0.000
Completed Processing XDC Constraints

Netlist sorting complete. Time (s): cpu = 00:00:00 ; elapsed = 00:00:00 . Memory (MB): peak = 770.973 ; gain = 0.000
INFO: [Project 1-111] Unisim Transformation Summary:
No Unisim elements were transformed.

Netlist sorting complete. Time (s): cpu = 00:00:00 ; elapsed = 00:00:00.001 . Memory (MB): peak = 770.973 ; gain = 0.000
Constraint Validation Runtime : Time (s): cpu = 00:00:00 ; elapsed = 00:00:00.003 . Memory (MB): peak = 770.973 ; gain = 0.000
---------------------------------------------------------------------------------
Finished Constraint Validation : Time (s): cpu = 00:00:01 ; elapsed = 00:00:10 . Memory (MB): peak = 770.973 ; gain = 493.949
---------------------------------------------------------------------------------
---------------------------------------------------------------------------------
Start Loading Part and Timing Information
---------------------------------------------------------------------------------
Loading part: xc7a35tcpg236-1
---------------------------------------------------------------------------------
Finished Loading Part and Timing Information : Time (s): cpu = 00:00:01 ; elapsed = 00:00:10 . Memory (MB): peak = 770.973 ; gain = 493.949
---------------------------------------------------------------------------------
---------------------------------------------------------------------------------
Start Applying 'set_property' XDC Constraints
---------------------------------------------------------------------------------
---------------------------------------------------------------------------------
Finished applying 'set_property' XDC Constraints : Time (s): cpu = 00:00:01 ; elapsed = 00:00:10 . Memory (MB): peak = 770.973 ; gain = 493.949
---------------------------------------------------------------------------------
INFO: [Synth 8-5546] ROM "receiving0" won't be mapped to RAM because it is too sparse
INFO: [Synth 8-5546] ROM "data_out" won't be mapped to RAM because it is too sparse
INFO: [Synth 8-5546] ROM "sending0" won't be mapped to RAM because it is too sparse
INFO: [Synth 8-5546] ROM "bit_out0" won't be mapped to RAM because it is too sparse
---------------------------------------------------------------------------------
Finished RTL Optimization Phase 2 : Time (s): cpu = 00:00:01 ; elapsed = 00:00:11 . Memory (MB): peak = 770.973 ; gain = 493.949
---------------------------------------------------------------------------------

Report RTL Partitions: 
+-+--------------+------------+----------+
| |RTL Partition |Replication |Instances |
+-+--------------+------------+----------+
+-+--------------+------------+----------+
---------------------------------------------------------------------------------
Start RTL Component Statistics 
---------------------------------------------------------------------------------
Detailed RTL Component Info : 
+---Adders : 
	   2 Input     32 Bit       Adders := 3     
	   3 Input     18 Bit       Adders := 2     
	   2 Input     17 Bit       Adders := 5     
	   2 Input     16 Bit       Adders := 3     
	   2 Input     11 Bit       Adders := 32    
	   2 Input     10 Bit       Adders := 2     
	   3 Input     10 Bit       Adders := 26    
	   2 Input      8 Bit       Adders := 3     
	   2 Input      7 Bit       Adders := 2     
	   2 Input      2 Bit       Adders := 1     
+---Registers : 
	               16 Bit    Registers := 5     
	               12 Bit    Registers := 1     
	               10 Bit    Registers := 2     
	                8 Bit    Registers := 5     
	                7 Bit    Registers := 2     
	                2 Bit    Registers := 1     
	                1 Bit    Registers := 39    
+---Muxes : 
	   2 Input     20 Bit        Muxes := 9     
	   8 Input     20 Bit        Muxes := 9     
	   2 Input     16 Bit        Muxes := 14    
	   2 Input     12 Bit        Muxes := 1     
	  10 Input      8 Bit        Muxes := 1     
	   2 Input      7 Bit        Muxes := 4     
	   2 Input      4 Bit        Muxes := 2     
	   2 Input      1 Bit        Muxes := 6     
	  10 Input      1 Bit        Muxes := 2     
---------------------------------------------------------------------------------
Finished RTL Component Statistics 
---------------------------------------------------------------------------------
---------------------------------------------------------------------------------
Start RTL Hierarchical Component Statistics 
---------------------------------------------------------------------------------
Hierarchical RTL Component report 
Module baudrate_gen 
Detailed RTL Component Info : 
+---Adders : 
	   2 Input     32 Bit       Adders := 1     
+---Registers : 
	                1 Bit    Registers := 1     
Module uart_rx 
Detailed RTL Component Info : 
+---Adders : 
	   2 Input      8 Bit       Adders := 1     
+---Registers : 
	                8 Bit    Registers := 2     
	                1 Bit    Registers := 3     
+---Muxes : 
	  10 Input      8 Bit        Muxes := 1     
	   2 Input      1 Bit        Muxes := 1     
Module uart_tx 
Detailed RTL Component Info : 
+---Adders : 
	   2 Input      8 Bit       Adders := 1     
+---Registers : 
	                8 Bit    Registers := 2     
	                1 Bit    Registers := 4     
+---Muxes : 
	   2 Input      1 Bit        Muxes := 2     
	  10 Input      1 Bit        Muxes := 2     
Module uart 
Detailed RTL Component Info : 
+---Adders : 
	   2 Input      8 Bit       Adders := 1     
+---Registers : 
	                8 Bit    Registers := 1     
	                1 Bit    Registers := 2     
Module clockDiv 
Detailed RTL Component Info : 
+---Registers : 
	                1 Bit    Registers := 1     
Module vga_sync 
Detailed RTL Component Info : 
+---Adders : 
	   2 Input     10 Bit       Adders := 2     
	   2 Input      2 Bit       Adders := 1     
+---Registers : 
	               10 Bit    Registers := 2     
	                2 Bit    Registers := 1     
	                1 Bit    Registers := 2     
Module ball 
Detailed RTL Component Info : 
+---Adders : 
	   2 Input     32 Bit       Adders := 2     
	   2 Input     17 Bit       Adders := 2     
	   2 Input     16 Bit       Adders := 1     
+---Registers : 
	               16 Bit    Registers := 3     
	                1 Bit    Registers := 3     
+---Muxes : 
	   2 Input     16 Bit        Muxes := 8     
	   2 Input      1 Bit        Muxes := 1     
Module digit 
Detailed RTL Component Info : 
+---Adders : 
	   2 Input     11 Bit       Adders := 2     
	   3 Input     10 Bit       Adders := 2     
Module text 
Detailed RTL Component Info : 
+---Adders : 
	   2 Input     11 Bit       Adders := 2     
	   3 Input     10 Bit       Adders := 2     
+---Muxes : 
	   2 Input     20 Bit        Muxes := 1     
	   8 Input     20 Bit        Muxes := 1     
Module bar 
Detailed RTL Component Info : 
+---Adders : 
	   2 Input     17 Bit       Adders := 1     
	   2 Input     16 Bit       Adders := 1     
	   2 Input     11 Bit       Adders := 3     
+---Registers : 
	               16 Bit    Registers := 1     
	                1 Bit    Registers := 1     
+---Muxes : 
	   2 Input     16 Bit        Muxes := 3     
	   2 Input      4 Bit        Muxes := 1     
Module vga 
Detailed RTL Component Info : 
+---Adders : 
	   3 Input     18 Bit       Adders := 2     
	   2 Input     17 Bit       Adders := 1     
	   2 Input      7 Bit       Adders := 2     
+---Registers : 
	               12 Bit    Registers := 1     
	                7 Bit    Registers := 2     
	                1 Bit    Registers := 1     
+---Muxes : 
	   2 Input     12 Bit        Muxes := 1     
	   2 Input      7 Bit        Muxes := 4     
	   2 Input      1 Bit        Muxes := 2     
---------------------------------------------------------------------------------
Finished RTL Hierarchical Component Statistics
---------------------------------------------------------------------------------
---------------------------------------------------------------------------------
Start Part Resource Summary
---------------------------------------------------------------------------------
Part Resources:
DSPs: 90 (col length:60)
BRAMs: 100 (col length: RAMB18 60 RAMB36 30)
---------------------------------------------------------------------------------
Finished Part Resource Summary
---------------------------------------------------------------------------------
---------------------------------------------------------------------------------
Start Cross Boundary and Area Optimization
---------------------------------------------------------------------------------
Warning: Parallel synthesis criteria is not met 
INFO: [Synth 8-5546] ROM "uart/receiver/receiving0" won't be mapped to RAM because it is too sparse
INFO: [Synth 8-5546] ROM "uart/receiver/data_out" won't be mapped to RAM because it is too sparse
INFO: [Synth 8-5546] ROM "uart/transmitter/sending0" won't be mapped to RAM because it is too sparse
INFO: [Synth 8-5546] ROM "uart/transmitter/bit_out0" won't be mapped to RAM because it is too sparse
WARNING: [Synth 8-3331] design digit has unconnected port reset
WARNING: [Synth 8-3331] design vga has unconnected port sw[11]
WARNING: [Synth 8-3331] design vga has unconnected port sw[10]
WARNING: [Synth 8-3331] design vga has unconnected port sw[9]
WARNING: [Synth 8-3331] design vga has unconnected port sw[8]
WARNING: [Synth 8-3331] design vga has unconnected port sw[7]
WARNING: [Synth 8-3331] design vga has unconnected port sw[6]
WARNING: [Synth 8-3331] design vga has unconnected port sw[5]
WARNING: [Synth 8-3331] design vga has unconnected port sw[4]
WARNING: [Synth 8-3331] design vga has unconnected port sw[3]
WARNING: [Synth 8-3331] design vga has unconnected port sw[2]
WARNING: [Synth 8-3331] design vga has unconnected port sw[1]
WARNING: [Synth 8-3331] design vga has unconnected port sw[0]
WARNING: [Synth 8-3331] design vga has unconnected port PS2Clk
WARNING: [Synth 8-3331] design vga has unconnected port PS2Data
WARNING: [Synth 8-3331] design system has unconnected port btnC
INFO: [Synth 8-3886] merging instance 'game/digitP22/rgb_reg[0]' (FDR) to 'game/digitP22/rgb_reg[7]'
INFO: [Synth 8-3886] merging instance 'game/digitP2P/rgb_reg[0]' (FDR) to 'game/digitP2P/rgb_reg[7]'
INFO: [Synth 8-3886] merging instance 'game/digitP11/rgb_reg[0]' (FDR) to 'game/digitP11/rgb_reg[7]'
INFO: [Synth 8-3886] merging instance 'game/digitP1P/rgb_reg[0]' (FDR) to 'game/digitP1P/rgb_reg[7]'
INFO: [Synth 8-3886] merging instance 'game/digitE/rgb_reg[0]' (FDR) to 'game/digitE/rgb_reg[1]'
INFO: [Synth 8-3886] merging instance 'game/digitR/rgb_reg[0]' (FDR) to 'game/digitR/rgb_reg[3]'
INFO: [Synth 8-3886] merging instance 'game/digitO/rgb_reg[0]' (FDR) to 'game/digitO/rgb_reg[3]'
INFO: [Synth 8-3886] merging instance 'game/digitC/rgb_reg[0]' (FDR) to 'game/digitC/rgb_reg[3]'
INFO: [Synth 8-3886] merging instance 'game/digitS/rgb_reg[0]' (FDR) to 'game/digitS/rgb_reg[3]'
INFO: [Synth 8-3886] merging instance 'game/digit21/rgb_reg[0]' (FDR) to 'game/digit21/rgb_reg[11]'
INFO: [Synth 8-3886] merging instance 'game/digit20/rgb_reg[0]' (FDR) to 'game/digit20/rgb_reg[11]'
INFO: [Synth 8-3886] merging instance 'game/digit11/rgb_reg[0]' (FDR) to 'game/digit11/rgb_reg[11]'
INFO: [Synth 8-3886] merging instance 'game/digit10/rgb_reg[0]' (FDR) to 'game/digit10/rgb_reg[11]'
INFO: [Synth 8-3886] merging instance 'game/digitP22/rgb_reg[1]' (FDR) to 'game/digitP22/rgb_reg[7]'
INFO: [Synth 8-3886] merging instance 'game/digitP2P/rgb_reg[1]' (FDR) to 'game/digitP2P/rgb_reg[7]'
INFO: [Synth 8-3886] merging instance 'game/digitP11/rgb_reg[1]' (FDR) to 'game/digitP11/rgb_reg[7]'
INFO: [Synth 8-3886] merging instance 'game/digitP1P/rgb_reg[1]' (FDR) to 'game/digitP1P/rgb_reg[7]'
INFO: [Synth 8-3886] merging instance 'game/digitE/rgb_reg[1]' (FDR) to 'game/digitE/rgb_reg[2]'
INFO: [Synth 8-3886] merging instance 'game/digitR/rgb_reg[1]' (FDR) to 'game/digitR/rgb_reg[3]'
INFO: [Synth 8-3886] merging instance 'game/digitO/rgb_reg[1]' (FDR) to 'game/digitO/rgb_reg[3]'
INFO: [Synth 8-3886] merging instance 'game/digitC/rgb_reg[1]' (FDR) to 'game/digitC/rgb_reg[3]'
INFO: [Synth 8-3886] merging instance 'game/digitS/rgb_reg[1]' (FDR) to 'game/digitS/rgb_reg[3]'
INFO: [Synth 8-3886] merging instance 'game/digit21/rgb_reg[1]' (FDR) to 'game/digit21/rgb_reg[11]'
INFO: [Synth 8-3886] merging instance 'game/digit20/rgb_reg[1]' (FDR) to 'game/digit20/rgb_reg[11]'
INFO: [Synth 8-3886] merging instance 'game/digit11/rgb_reg[1]' (FDR) to 'game/digit11/rgb_reg[11]'
INFO: [Synth 8-3886] merging instance 'game/digit10/rgb_reg[1]' (FDR) to 'game/digit10/rgb_reg[11]'
INFO: [Synth 8-3886] merging instance 'game/digitP22/rgb_reg[2]' (FDR) to 'game/digitP22/rgb_reg[7]'
INFO: [Synth 8-3886] merging instance 'game/digitP2P/rgb_reg[2]' (FDR) to 'game/digitP2P/rgb_reg[7]'
INFO: [Synth 8-3886] merging instance 'game/digitP11/rgb_reg[2]' (FDR) to 'game/digitP11/rgb_reg[7]'
INFO: [Synth 8-3886] merging instance 'game/digitP1P/rgb_reg[2]' (FDR) to 'game/digitP1P/rgb_reg[7]'
INFO: [Synth 8-3886] merging instance 'game/digitE/rgb_reg[2]' (FDR) to 'game/digitE/rgb_reg[3]'
INFO: [Synth 8-3886] merging instance 'game/digitR/rgb_reg[2]' (FDR) to 'game/digitR/rgb_reg[3]'
INFO: [Synth 8-3886] merging instance 'game/digitO/rgb_reg[2]' (FDR) to 'game/digitO/rgb_reg[3]'
INFO: [Synth 8-3886] merging instance 'game/digitC/rgb_reg[2]' (FDR) to 'game/digitC/rgb_reg[3]'
INFO: [Synth 8-3886] merging instance 'game/digitS/rgb_reg[2]' (FDR) to 'game/digitS/rgb_reg[3]'
INFO: [Synth 8-3886] merging instance 'game/digit21/rgb_reg[2]' (FDR) to 'game/digit21/rgb_reg[11]'
INFO: [Synth 8-3886] merging instance 'game/digit20/rgb_reg[2]' (FDR) to 'game/digit20/rgb_reg[11]'
INFO: [Synth 8-3886] merging instance 'game/digit11/rgb_reg[2]' (FDR) to 'game/digit11/rgb_reg[11]'
INFO: [Synth 8-3886] merging instance 'game/digit10/rgb_reg[2]' (FDR) to 'game/digit10/rgb_reg[11]'
INFO: [Synth 8-3886] merging instance 'game/digitP22/rgb_reg[3]' (FDR) to 'game/digitP22/rgb_reg[7]'
INFO: [Synth 8-3886] merging instance 'game/digitP2P/rgb_reg[3]' (FDR) to 'game/digitP2P/rgb_reg[7]'
INFO: [Synth 8-3886] merging instance 'game/digitP11/rgb_reg[3]' (FDR) to 'game/digitP11/rgb_reg[7]'
INFO: [Synth 8-3886] merging instance 'game/digitP1P/rgb_reg[3]' (FDR) to 'game/digitP1P/rgb_reg[7]'
INFO: [Synth 8-3333] propagating constant 0 across sequential element (\game/digitE/rgb_reg[3] )
INFO: [Synth 8-3333] propagating constant 0 across sequential element (\game/digitR/rgb_reg[3] )
INFO: [Synth 8-3333] propagating constant 0 across sequential element (\game/digitO/rgb_reg[3] )
INFO: [Synth 8-3333] propagating constant 0 across sequential element (\game/digitC/rgb_reg[3] )
INFO: [Synth 8-3333] propagating constant 0 across sequential element (\game/digitS/rgb_reg[3] )
INFO: [Synth 8-3886] merging instance 'game/digit21/rgb_reg[3]' (FDR) to 'game/digit21/rgb_reg[11]'
INFO: [Synth 8-3886] merging instance 'game/digit20/rgb_reg[3]' (FDR) to 'game/digit20/rgb_reg[11]'
INFO: [Synth 8-3886] merging instance 'game/digit11/rgb_reg[3]' (FDR) to 'game/digit11/rgb_reg[11]'
INFO: [Synth 8-3886] merging instance 'game/digit10/rgb_reg[3]' (FDR) to 'game/digit10/rgb_reg[11]'
INFO: [Synth 8-3886] merging instance 'game/digitP22/rgb_reg[4]' (FDR) to 'game/digitP22/rgb_reg[7]'
INFO: [Synth 8-3886] merging instance 'game/digitP2P/rgb_reg[4]' (FDR) to 'game/digitP2P/rgb_reg[7]'
INFO: [Synth 8-3886] merging instance 'game/digitP11/rgb_reg[4]' (FDR) to 'game/digitP11/rgb_reg[7]'
INFO: [Synth 8-3886] merging instance 'game/digitP1P/rgb_reg[4]' (FDR) to 'game/digitP1P/rgb_reg[7]'
INFO: [Synth 8-3886] merging instance 'game/digitE/rgb_reg[4]' (FDR) to 'game/digitE/rgb_reg[5]'
INFO: [Synth 8-3886] merging instance 'game/digitR/rgb_reg[4]' (FDR) to 'game/digitR/rgb_reg[11]'
INFO: [Synth 8-3886] merging instance 'game/digitO/rgb_reg[4]' (FDR) to 'game/digitO/rgb_reg[11]'
INFO: [Synth 8-3886] merging instance 'game/digitC/rgb_reg[4]' (FDR) to 'game/digitC/rgb_reg[11]'
INFO: [Synth 8-3886] merging instance 'game/digitS/rgb_reg[4]' (FDR) to 'game/digitS/rgb_reg[11]'
INFO: [Synth 8-3886] merging instance 'game/digit21/rgb_reg[4]' (FDR) to 'game/digit21/rgb_reg[11]'
INFO: [Synth 8-3886] merging instance 'game/digit20/rgb_reg[4]' (FDR) to 'game/digit20/rgb_reg[11]'
INFO: [Synth 8-3886] merging instance 'game/digit11/rgb_reg[4]' (FDR) to 'game/digit11/rgb_reg[11]'
INFO: [Synth 8-3886] merging instance 'game/digit10/rgb_reg[4]' (FDR) to 'game/digit10/rgb_reg[11]'
INFO: [Synth 8-3886] merging instance 'game/digitP22/rgb_reg[5]' (FDR) to 'game/digitP22/rgb_reg[7]'
INFO: [Synth 8-3886] merging instance 'game/digitP2P/rgb_reg[5]' (FDR) to 'game/digitP2P/rgb_reg[7]'
INFO: [Synth 8-3886] merging instance 'game/digitP11/rgb_reg[5]' (FDR) to 'game/digitP11/rgb_reg[7]'
INFO: [Synth 8-3886] merging instance 'game/digitP1P/rgb_reg[5]' (FDR) to 'game/digitP1P/rgb_reg[7]'
INFO: [Synth 8-3886] merging instance 'game/digitE/rgb_reg[5]' (FDR) to 'game/digitE/rgb_reg[6]'
INFO: [Synth 8-3886] merging instance 'game/digitR/rgb_reg[5]' (FDR) to 'game/digitR/rgb_reg[11]'
INFO: [Synth 8-3886] merging instance 'game/digitO/rgb_reg[5]' (FDR) to 'game/digitO/rgb_reg[11]'
INFO: [Synth 8-3886] merging instance 'game/digitC/rgb_reg[5]' (FDR) to 'game/digitC/rgb_reg[11]'
INFO: [Synth 8-3886] merging instance 'game/digitS/rgb_reg[5]' (FDR) to 'game/digitS/rgb_reg[11]'
INFO: [Synth 8-3886] merging instance 'game/digit21/rgb_reg[5]' (FDR) to 'game/digit21/rgb_reg[11]'
INFO: [Synth 8-3886] merging instance 'game/digit20/rgb_reg[5]' (FDR) to 'game/digit20/rgb_reg[11]'
INFO: [Synth 8-3886] merging instance 'game/digit11/rgb_reg[5]' (FDR) to 'game/digit11/rgb_reg[11]'
INFO: [Synth 8-3886] merging instance 'game/digit10/rgb_reg[5]' (FDR) to 'game/digit10/rgb_reg[11]'
INFO: [Synth 8-3886] merging instance 'game/digitP22/rgb_reg[6]' (FDR) to 'game/digitP22/rgb_reg[7]'
INFO: [Synth 8-3886] merging instance 'game/digitP2P/rgb_reg[6]' (FDR) to 'game/digitP2P/rgb_reg[7]'
INFO: [Synth 8-3886] merging instance 'game/digitP11/rgb_reg[6]' (FDR) to 'game/digitP11/rgb_reg[7]'
INFO: [Synth 8-3886] merging instance 'game/digitP1P/rgb_reg[6]' (FDR) to 'game/digitP1P/rgb_reg[7]'
INFO: [Synth 8-3886] merging instance 'game/digitE/rgb_reg[6]' (FDR) to 'game/digitE/rgb_reg[7]'
INFO: [Synth 8-3886] merging instance 'game/digitR/rgb_reg[6]' (FDR) to 'game/digitR/rgb_reg[11]'
INFO: [Synth 8-3886] merging instance 'game/digitO/rgb_reg[6]' (FDR) to 'game/digitO/rgb_reg[11]'
INFO: [Synth 8-3886] merging instance 'game/digitC/rgb_reg[6]' (FDR) to 'game/digitC/rgb_reg[11]'
INFO: [Synth 8-3886] merging instance 'game/digitS/rgb_reg[6]' (FDR) to 'game/digitS/rgb_reg[11]'
INFO: [Synth 8-3886] merging instance 'game/digit21/rgb_reg[6]' (FDR) to 'game/digit21/rgb_reg[11]'
INFO: [Synth 8-3886] merging instance 'game/digit20/rgb_reg[6]' (FDR) to 'game/digit20/rgb_reg[11]'
INFO: [Synth 8-3886] merging instance 'game/digit11/rgb_reg[6]' (FDR) to 'game/digit11/rgb_reg[11]'
INFO: [Synth 8-3886] merging instance 'game/digit10/rgb_reg[6]' (FDR) to 'game/digit10/rgb_reg[11]'
INFO: [Synth 8-3333] propagating constant 0 across sequential element (\game/digitP22/rgb_reg[7] )
INFO: [Synth 8-3333] propagating constant 0 across sequential element (\game/digitP2P/rgb_reg[7] )
INFO: [Synth 8-3333] propagating constant 0 across sequential element (\game/digitP11/rgb_reg[7] )
INFO: [Synth 8-3333] propagating constant 0 across sequential element (\game/digitP1P/rgb_reg[7] )
INFO: [Synth 8-3886] merging instance 'game/digitE/rgb_reg[7]' (FDR) to 'game/digitE/rgb_reg[8]'
INFO: [Synth 8-3886] merging instance 'game/digitR/rgb_reg[7]' (FDR) to 'game/digitR/rgb_reg[11]'
INFO: [Synth 8-3886] merging instance 'game/digitO/rgb_reg[7]' (FDR) to 'game/digitO/rgb_reg[11]'
INFO: [Synth 8-3886] merging instance 'game/digitC/rgb_reg[7]' (FDR) to 'game/digitC/rgb_reg[11]'
INFO: [Synth 8-3886] merging instance 'game/digitS/rgb_reg[7]' (FDR) to 'game/digitS/rgb_reg[11]'
INFO: [Synth 8-3886] merging instance 'game/digit21/rgb_reg[7]' (FDR) to 'game/digit21/rgb_reg[11]'
INFO: [Synth 8-3886] merging instance 'game/digit20/rgb_reg[7]' (FDR) to 'game/digit20/rgb_reg[11]'
INFO: [Synth 8-3886] merging instance 'game/digit11/rgb_reg[7]' (FDR) to 'game/digit11/rgb_reg[11]'
INFO: [Synth 8-3886] merging instance 'game/digit10/rgb_reg[7]' (FDR) to 'game/digit10/rgb_reg[11]'
INFO: [Synth 8-3886] merging instance 'game/digitP22/rgb_reg[8]' (FDR) to 'game/digitP22/rgb_reg[11]'
INFO: [Synth 8-3886] merging instance 'game/digitP2P/rgb_reg[8]' (FDR) to 'game/digitP2P/rgb_reg[11]'
INFO: [Synth 8-3886] merging instance 'game/digitP11/rgb_reg[8]' (FDR) to 'game/digitP11/rgb_reg[11]'
INFO: [Synth 8-3886] merging instance 'game/digitP1P/rgb_reg[8]' (FDR) to 'game/digitP1P/rgb_reg[11]'
INFO: [Synth 8-3886] merging instance 'game/digitE/rgb_reg[8]' (FDR) to 'game/digitE/rgb_reg[9]'
INFO: [Common 17-14] Message 'Synth 8-3886' appears 100 times and further instances of the messages will be disabled. Use the Tcl command set_msg_config to change the current settings.
INFO: [Synth 8-3333] propagating constant 0 across sequential element (i_1/\game/ball_unit/x_reg[0] )
---------------------------------------------------------------------------------
Finished Cross Boundary and Area Optimization : Time (s): cpu = 00:00:01 ; elapsed = 00:00:18 . Memory (MB): peak = 770.973 ; gain = 493.949
---------------------------------------------------------------------------------

Report RTL Partitions: 
+-+--------------+------------+----------+
| |RTL Partition |Replication |Instances |
+-+--------------+------------+----------+
+-+--------------+------------+----------+
---------------------------------------------------------------------------------
Start Applying XDC Timing Constraints
---------------------------------------------------------------------------------
---------------------------------------------------------------------------------
Finished Applying XDC Timing Constraints : Time (s): cpu = 00:00:01 ; elapsed = 00:00:25 . Memory (MB): peak = 770.973 ; gain = 493.949
---------------------------------------------------------------------------------
---------------------------------------------------------------------------------
Start Timing Optimization
---------------------------------------------------------------------------------
---------------------------------------------------------------------------------
Finished Timing Optimization : Time (s): cpu = 00:00:01 ; elapsed = 00:00:26 . Memory (MB): peak = 776.867 ; gain = 499.844
---------------------------------------------------------------------------------

Report RTL Partitions: 
+-+--------------+------------+----------+
| |RTL Partition |Replication |Instances |
+-+--------------+------------+----------+
+-+--------------+------------+----------+
---------------------------------------------------------------------------------
Start Technology Mapping
---------------------------------------------------------------------------------
---------------------------------------------------------------------------------
Finished Technology Mapping : Time (s): cpu = 00:00:01 ; elapsed = 00:00:26 . Memory (MB): peak = 805.809 ; gain = 528.785
---------------------------------------------------------------------------------

Report RTL Partitions: 
+-+--------------+------------+----------+
| |RTL Partition |Replication |Instances |
+-+--------------+------------+----------+
+-+--------------+------------+----------+
---------------------------------------------------------------------------------
Start IO Insertion
---------------------------------------------------------------------------------
---------------------------------------------------------------------------------
Start Flattening Before IO Insertion
---------------------------------------------------------------------------------
---------------------------------------------------------------------------------
Finished Flattening Before IO Insertion
---------------------------------------------------------------------------------
---------------------------------------------------------------------------------
Start Final Netlist Cleanup
---------------------------------------------------------------------------------
---------------------------------------------------------------------------------
Finished Final Netlist Cleanup
---------------------------------------------------------------------------------
---------------------------------------------------------------------------------
Finished IO Insertion : Time (s): cpu = 00:00:01 ; elapsed = 00:00:27 . Memory (MB): peak = 805.809 ; gain = 528.785
---------------------------------------------------------------------------------

Report Check Netlist: 
+------+------------------+-------+---------+-------+------------------+
|      |Item              |Errors |Warnings |Status |Description       |
+------+------------------+-------+---------+-------+------------------+
|1     |multi_driven_nets |      0|        0|Passed |Multi driven nets |
+------+------------------+-------+---------+-------+------------------+
---------------------------------------------------------------------------------
Start Renaming Generated Instances
---------------------------------------------------------------------------------
---------------------------------------------------------------------------------
Finished Renaming Generated Instances : Time (s): cpu = 00:00:01 ; elapsed = 00:00:27 . Memory (MB): peak = 805.809 ; gain = 528.785
---------------------------------------------------------------------------------

Report RTL Partitions: 
+-+--------------+------------+----------+
| |RTL Partition |Replication |Instances |
+-+--------------+------------+----------+
+-+--------------+------------+----------+
---------------------------------------------------------------------------------
Start Rebuilding User Hierarchy
---------------------------------------------------------------------------------
---------------------------------------------------------------------------------
Finished Rebuilding User Hierarchy : Time (s): cpu = 00:00:01 ; elapsed = 00:00:28 . Memory (MB): peak = 805.809 ; gain = 528.785
---------------------------------------------------------------------------------
---------------------------------------------------------------------------------
Start Renaming Generated Ports
---------------------------------------------------------------------------------
---------------------------------------------------------------------------------
Finished Renaming Generated Ports : Time (s): cpu = 00:00:01 ; elapsed = 00:00:28 . Memory (MB): peak = 805.809 ; gain = 528.785
---------------------------------------------------------------------------------
---------------------------------------------------------------------------------
Start Handling Custom Attributes
---------------------------------------------------------------------------------
---------------------------------------------------------------------------------
Finished Handling Custom Attributes : Time (s): cpu = 00:00:01 ; elapsed = 00:00:28 . Memory (MB): peak = 805.809 ; gain = 528.785
---------------------------------------------------------------------------------
---------------------------------------------------------------------------------
Start Renaming Generated Nets
---------------------------------------------------------------------------------
---------------------------------------------------------------------------------
Finished Renaming Generated Nets : Time (s): cpu = 00:00:01 ; elapsed = 00:00:28 . Memory (MB): peak = 805.809 ; gain = 528.785
---------------------------------------------------------------------------------
---------------------------------------------------------------------------------
Start Writing Synthesis Report
---------------------------------------------------------------------------------

Report BlackBoxes: 
+-+--------------+----------+
| |BlackBox name |Instances |
+-+--------------+----------+
+-+--------------+----------+

Report Cell Usage: 
+------+-------+------+
|      |Cell   |Count |
+------+-------+------+
|1     |BUFG   |     3|
|2     |CARRY4 |   144|
|3     |LUT1   |   114|
|4     |LUT2   |   245|
|5     |LUT3   |   106|
|6     |LUT4   |   162|
|7     |LUT5   |    73|
|8     |LUT6   |   194|
|9     |MUXF7  |     2|
|10    |FDCE   |    54|
|11    |FDPE   |     8|
|12    |FDRE   |   182|
|13    |IBUF   |     4|
|14    |OBUF   |    15|
+------+-------+------+

Report Instance Areas: 
+------+-----------------------+-------------+------+
|      |Instance               |Module       |Cells |
+------+-----------------------+-------------+------+
|1     |top                    |             |  1306|
|2     |  game                 |vga          |  1111|
|3     |    ball_unit          |ball         |   296|
|4     |    bar1               |bar          |    90|
|5     |    bar2               |bar_0        |    91|
|6     |    digit10            |digit        |    12|
|7     |    digit11            |digit_1      |    14|
|8     |    digit20            |digit_2      |    13|
|9     |    digit21            |digit_3      |    27|
|10    |    digitC             |text         |     1|
|11    |    digitE             |text_4       |     1|
|12    |    digitO             |text_5       |     1|
|13    |    digitP11           |text_6       |     1|
|14    |    digitP1P           |text_7       |     1|
|15    |    digitP22           |text_8       |     1|
|16    |    digitP2P           |text_9       |     1|
|17    |    digitR             |text_10      |     1|
|18    |    digitS             |text_11      |     1|
|19    |    fdivTarget         |clockDiv     |     2|
|20    |    \genblk1[0].fDiv   |clockDiv_12  |     2|
|21    |    \genblk1[10].fDiv  |clockDiv_13  |     2|
|22    |    \genblk1[11].fDiv  |clockDiv_14  |     2|
|23    |    \genblk1[12].fDiv  |clockDiv_15  |     2|
|24    |    \genblk1[13].fDiv  |clockDiv_16  |     2|
|25    |    \genblk1[14].fDiv  |clockDiv_17  |     2|
|26    |    \genblk1[15].fDiv  |clockDiv_18  |     2|
|27    |    \genblk1[16].fDiv  |clockDiv_19  |     2|
|28    |    \genblk1[17].fDiv  |clockDiv_20  |     2|
|29    |    \genblk1[18].fDiv  |clockDiv_21  |     2|
|30    |    \genblk1[19].fDiv  |clockDiv_22  |     2|
|31    |    \genblk1[1].fDiv   |clockDiv_23  |     2|
|32    |    \genblk1[2].fDiv   |clockDiv_24  |     2|
|33    |    \genblk1[3].fDiv   |clockDiv_25  |     2|
|34    |    \genblk1[4].fDiv   |clockDiv_26  |     2|
|35    |    \genblk1[5].fDiv   |clockDiv_27  |     2|
|36    |    \genblk1[6].fDiv   |clockDiv_28  |     2|
|37    |    \genblk1[7].fDiv   |clockDiv_29  |     2|
|38    |    \genblk1[8].fDiv   |clockDiv_30  |     2|
|39    |    \genblk1[9].fDiv   |clockDiv_31  |     2|
|40    |    vga_sync_unit      |vga_sync     |   450|
|41    |  uart                 |uart         |   173|
|42    |    baudrate_gen       |baudrate_gen |    58|
|43    |    receiver           |uart_rx      |    66|
|44    |    transmitter        |uart_tx      |    39|
+------+-----------------------+-------------+------+
---------------------------------------------------------------------------------
Finished Writing Synthesis Report : Time (s): cpu = 00:00:01 ; elapsed = 00:00:28 . Memory (MB): peak = 805.809 ; gain = 528.785
---------------------------------------------------------------------------------
Synthesis finished with 0 errors, 0 critical warnings and 16 warnings.
Synthesis Optimization Runtime : Time (s): cpu = 00:00:01 ; elapsed = 00:00:23 . Memory (MB): peak = 805.809 ; gain = 183.406
Synthesis Optimization Complete : Time (s): cpu = 00:00:01 ; elapsed = 00:00:28 . Memory (MB): peak = 805.809 ; gain = 528.785
INFO: [Project 1-571] Translating synthesized netlist
INFO: [Netlist 29-17] Analyzing 146 Unisim elements for replacement
INFO: [Netlist 29-28] Unisim Transformation completed in 0 CPU seconds
INFO: [Project 1-570] Preparing netlist for logic optimization
INFO: [Opt 31-138] Pushed 0 inverter(s) to 0 load pin(s).
Netlist sorting complete. Time (s): cpu = 00:00:00 ; elapsed = 00:00:00 . Memory (MB): peak = 805.809 ; gain = 0.000
INFO: [Project 1-111] Unisim Transformation Summary:
No Unisim elements were transformed.

INFO: [Common 17-83] Releasing license: Synthesis
157 Infos, 54 Warnings, 4 Critical Warnings and 0 Errors encountered.
synth_design completed successfully
synth_design: Time (s): cpu = 00:00:01 ; elapsed = 00:00:31 . Memory (MB): peak = 805.809 ; gain = 541.949
Netlist sorting complete. Time (s): cpu = 00:00:00 ; elapsed = 00:00:00 . Memory (MB): peak = 805.809 ; gain = 0.000
WARNING: [Constraints 18-5210] No constraints selected for write.
Resolution: This message can indicate that there are no constraints for the design, or it can indicate that the used_in flags are set such that the constraints are ignored. This later case is used when running synth_design to not write synthesis constraints to the resulting checkpoint. Instead, project constraints are read when the synthesized design is opened.
INFO: [Common 17-1381] The checkpoint 'C:/Users/oakmi/Desktop/Vivado/project_6/project_6.runs/synth_1/system.dcp' has been generated.
INFO: [runtcl-4] Executing : report_utilization -file system_utilization_synth.rpt -pb system_utilization_synth.pb
INFO: [Common 17-206] Exiting Vivado at Tue Dec 12 00:12:02 2023...
